<?xml version="1.0" encoding="UTF-8"?>
<testsuite xmlns:xsi="http://www.w3.org/2001/XMLSchema-instance" xsi:noNamespaceSchemaLocation="https://maven.apache.org/surefire/maven-surefire-plugin/xsd/surefire-test-report-3.0.xsd" version="3.0" name="com.eon.user.web.UserPermissionsInterceptorTest" time="0.097" tests="2" errors="0" skipped="0" failures="0">
  <properties>
[...]
</properties>
  <testcase name="preHandle_should_handle_missing_header" classname="com.eon.user.web.UserPermissionsInterceptorTest" time="0.077"/>
  <testcase name="preHandle_should_extract_permissions_and_context" classname="com.eon.user.web.UserPermissionsInterceptorTest" time="0.002"/>
</testsuite>